<?xml version='1.0' encoding='UTF-8'?>
<testsuite hostname="mahmoud-System-Product-Name" name="ir.test.WordCountSpec" tests="2" errors="0" failures="0" skipped="0" time="3.439" timestamp="2025-09-09T09:12:59">
                     <properties>
[...]
</properties>
                     <testcase classname="ir.test.WordCountSpec" name="countWords should count words correctly" time="3.435">
                                                 
                                               </testcase><testcase classname="ir.test.WordCountSpec" name="isEmptyInput should detect empty input correctly" time="0.004">
                                                 
                                               </testcase>
                     <system-out><![CDATA[]]></system-out>
                     <system-err><![CDATA[]]></system-err>
                   </testsuite>