<?xml version="1.0"?>
<!DOCTYPE coverage SYSTEM "http://cobertura.sourceforge.net/xml/coverage-04.dtd">
<coverage 
line-rate="0.21" lines-valid="19" lines-covered="4" branches-valid="0" branches-covered="0" branch-rate="1.00" complexity="0" version="1.0" timestamp="1757392986444">
    <sources>
        <source>--source</source>
        <source>/home/mahmoud/app-development-sample/unitTestScala01/src/main/scala</source>
    </sources>
    <packages>
        <package name="ir.test" line-rate="0.21" branch-rate="1.00" complexity="0">
            <classes>
                <class name="ir.test.WordCount" filename="WordCount.scala" line-rate="1.00" branch-rate="1.00" complexity="0">
                    <methods>
                        <method name="ir.test/WordCount/isEmptyInput" signature="()V" line-rate="1.00" branch-rate="1.00" complexity="0">
                            <lines>
                                <line number="19" hits="1" branch="false"/>
                                <line number="19" hits="1" branch="false"/>
                                <line number="19" hits="1" branch="false"/>
                            </lines>
                        </method>
                        <method name="ir.test/WordCount/countWords" signature="()V" line-rate="1.00" branch-rate="1.00" complexity="0">
                            <lines>
                                <line number="15" hits="1" branch="false"/>
                            </lines>
                        </method>
                    </methods>
                    <lines>
                        <line number="19" hits="1" branch="false"/>
                        <line number="15" hits="1" branch="false"/>
                        <line number="19" hits="1" branch="false"/>
                        <line number="19" hits="1" branch="false"/>
                    </lines>
                </class>
                <class name="ir.test.RunWordCount" filename="RunWordCount.scala" line-rate="0.00" branch-rate="0.00" complexity="0">
                    <methods>
                        <method name="ir.test/RunWordCount/main" signature="()V" line-rate="0.00" branch-rate="0.00" complexity="0">
                            <lines>
                                <line number="25" hits="0" branch="false"/>
                                <line number="26" hits="0" branch="false"/>
                                <line number="15" hits="0" branch="false"/>
                                <line number="25" hits="0" branch="false"/>
                                <line number="26" hits="0" branch="false"/>
                                <line number="22" hits="0" branch="false"/>
                                <line number="26" hits="0" branch="false"/>
                                <line number="25" hits="0" branch="false"/>
                                <line number="13" hits="0" branch="false"/>
                                <line number="26" hits="0" branch="false"/>
                                <line number="25" hits="0" branch="false"/>
                                <line number="21" hits="0" branch="false"/>
                                <line number="26" hits="0" branch="false"/>
                                <line number="28" hits="0" branch="false"/>
                                <line number="25" hits="0" branch="false"/>
                            </lines>
                        </method>
                    </methods>
                    <lines>
                        <line number="25" hits="0" branch="false"/>
                        <line number="26" hits="0" branch="false"/>
                        <line number="15" hits="0" branch="false"/>
                        <line number="25" hits="0" branch="false"/>
                        <line number="26" hits="0" branch="false"/>
                        <line number="22" hits="0" branch="false"/>
                        <line number="26" hits="0" branch="false"/>
                        <line number="25" hits="0" branch="false"/>
                        <line number="13" hits="0" branch="false"/>
                        <line number="26" hits="0" branch="false"/>
                        <line number="25" hits="0" branch="false"/>
                        <line number="21" hits="0" branch="false"/>
                        <line number="26" hits="0" branch="false"/>
                        <line number="28" hits="0" branch="false"/>
                        <line number="25" hits="0" branch="false"/>
                    </lines>
                </class>
            </classes>
        </package>
    </packages>
</coverage>
